
> sdg-frontend@4.2.8 start
> PORT=8004 react-scripts start

[34mℹ[39m [90m｢wds｣[39m: Project is running at http://192.168.0.121/
[34mℹ[39m [90m｢wds｣[39m: webpack output is served from /dashboard
[34mℹ[39m [90m｢wds｣[39m: Content not from webpack is served from /home/kedar/sdgcc_naga/frontend/public
[34mℹ[39m [90m｢wds｣[39m: 404s will fallback to /dashboard/
Starting the development server...

events.js:291
      throw er; // Unhandled 'error' event
      ^

Error: EBADF: bad file descriptor, read
Emitted 'error' event on ReadStream instance at:
    at internal/fs/streams.js:191:14
    at FSReqCallback.wrapper [as oncomplete] (fs.js:520:5) {
  errno: -9,
  code: 'EBADF',
  syscall: 'read'
}
npm ERR! code 1
npm ERR! path /home/kedar/sdgcc_naga/frontend
npm ERR! command failed
npm ERR! command sh -c PORT=8004 react-scripts start

npm ERR! A complete log of this run can be found in:
npm ERR!     /home/kedar/.npm/_logs/2024-04-29T13_32_19_935Z-debug.log
